\BOOKMARK [0][-]{chapter.1}{\376\377\000C\000a\000p\000\355\000t\000u\000l\000o\000\040\0002\000:\000\040\000M\000a\000r\000c\000o\000\040\000T\000e\000\363\000r\000i\000c\000o}{}% 1
\BOOKMARK [1][-]{section.1.1}{\376\377\000\301\000r\000e\000a\000\040\000d\000e\000\040\000I\000n\000v\000e\000s\000t\000i\000g\000a\000c\000i\000\363\000n}{chapter.1}% 2
\BOOKMARK [2][-]{subsection.1.1.1}{\376\377\000I\000n\000t\000e\000l\000i\000g\000e\000n\000c\000i\000a\000\040\000a\000r\000t\000i\000f\000i\000c\000i\000a\000l\000\040\000e\000n\000\040\000e\000l\000\040\000r\000e\000c\000i\000c\000l\000a\000j\000e}{section.1.1}% 3
\BOOKMARK [2][-]{subsection.1.1.2}{\376\377\000S\000o\000s\000t\000e\000n\000i\000b\000i\000l\000i\000d\000a\000d}{section.1.1}% 4
\BOOKMARK [2][-]{subsection.1.1.3}{\376\377\000M\000i\000c\000r\000o\000c\000o\000n\000t\000r\000o\000l\000a\000d\000o\000r\000e\000s}{section.1.1}% 5
\BOOKMARK [2][-]{subsection.1.1.4}{\376\377\000U\000s\000o\000\040\000d\000e\000\040\000A\000r\000d\000u\000i\000n\000o\000\040\000y\000\040\000E\000S\000P\0003\0002}{section.1.1}% 6
\BOOKMARK [3][-]{subsubsection.1.1.4.1}{\376\377\000P\000i\000n\000e\000s\000\040\000a\000n\000a\000l\000\363\000g\000i\000c\000o\000s}{subsection.1.1.4}% 7
\BOOKMARK [3][-]{subsubsection.1.1.4.2}{\376\377\000P\000i\000n\000e\000s\000\040\000d\000i\000g\000i\000t\000a\000l\000e\000s}{subsection.1.1.4}% 8
\BOOKMARK [2][-]{subsection.1.1.5}{\376\377\000S\000i\000s\000t\000e\000m\000a\000s\000\040\000d\000e\000\040\000c\000l\000a\000s\000i\000f\000i\000c\000a\000c\000i\000\363\000n\000\040\000a\000u\000t\000o\000m\000\341\000t\000i\000c\000a}{section.1.1}% 9
\BOOKMARK [2][-]{subsection.1.1.6}{\376\377\000A\000p\000l\000i\000c\000a\000c\000i\000o\000n\000e\000s\000\040\000d\000e\000\040\000I\000o\000T}{section.1.1}% 10
\BOOKMARK [2][-]{subsection.1.1.7}{\376\377\000C\000a\000m\000p\000o\000\040\000d\000e\000\040\000a\000p\000l\000i\000c\000a\000c\000i\000\363\000n}{section.1.1}% 11
\BOOKMARK [3][-]{subsubsection.1.1.7.1}{\376\377\000E\000n\000t\000o\000r\000n\000o\000s\000\040\000U\000r\000b\000a\000n\000o\000s}{subsection.1.1.7}% 12
\BOOKMARK [3][-]{subsubsection.1.1.7.2}{\376\377\000E\000s\000p\000a\000c\000i\000o\000s\000\040\000C\000o\000m\000e\000r\000c\000i\000a\000l\000e\000s}{subsection.1.1.7}% 13
\BOOKMARK [3][-]{subsubsection.1.1.7.3}{\376\377\000I\000n\000d\000u\000s\000t\000r\000i\000a\000\040\000H\000o\000t\000e\000l\000e\000r\000a}{subsection.1.1.7}% 14
\BOOKMARK [3][-]{subsubsection.1.1.7.4}{\376\377\000I\000n\000s\000t\000a\000l\000a\000c\000i\000o\000n\000e\000s\000\040\000S\000a\000n\000i\000t\000a\000r\000i\000a\000s}{subsection.1.1.7}% 15
\BOOKMARK [3][-]{subsubsection.1.1.7.5}{\376\377\000I\000n\000s\000t\000i\000t\000u\000c\000i\000o\000n\000e\000s\000\040\000E\000d\000u\000c\000a\000t\000i\000v\000a\000s}{subsection.1.1.7}% 16
\BOOKMARK [2][-]{subsection.1.1.8}{\376\377\000F\000u\000t\000u\000r\000o\000\040\000d\000e\000l\000\040\000t\000e\000m\000a\000\040\000d\000e\000\040\000i\000n\000v\000e\000s\000t\000i\000g\000a\000c\000i\000\363\000n}{section.1.1}% 17
\BOOKMARK [1][-]{section.1.2}{\376\377\000P\000r\000o\000y\000e\000c\000t\000o\000s\000\040\000s\000i\000m\000i\000l\000a\000r\000e\000s}{chapter.1}% 18
\BOOKMARK [2][-]{subsection.1.2.1}{\376\377\000D\000i\000s\000e\000\361\000o\000\040\000d\000e\000\040\000u\000n\000\040\000C\000o\000n\000t\000e\000n\000e\000d\000o\000r\000\040\000M\000u\000n\000i\000c\000i\000p\000a\000l\000\040\000A\000u\000t\000o\000m\000\341\000t\000i\000c\000o}{section.1.2}% 19
\BOOKMARK [2][-]{subsection.1.2.2}{\376\377\000S\000i\000s\000t\000e\000m\000a\000\040\000d\000e\000\040\000C\000l\000a\000s\000i\000f\000i\000c\000a\000c\000i\000\363\000n\000\040\000I\000n\000t\000e\000l\000i\000g\000e\000n\000t\000e\000\040\000d\000e\000\040\000R\000e\000s\000i\000d\000u\000o\000s}{section.1.2}% 20
\BOOKMARK [2][-]{subsection.1.2.3}{\376\377\000C\000o\000n\000t\000e\000n\000e\000d\000o\000r\000\040\000d\000e\000\040\000R\000e\000c\000i\000c\000l\000a\000j\000e\000\040\000A\000u\000t\000o\000m\000a\000t\000i\000z\000a\000d\000o\000\040\000d\000e\000\040\000B\000a\000j\000o\000\040\000C\000o\000s\000t\000o}{section.1.2}% 21
\BOOKMARK [1][-]{section.1.3}{\376\377\000T\000e\000c\000n\000o\000l\000o\000g\000\355\000a\000s\000\040\000D\000e\000\040\000D\000e\000s\000a\000r\000r\000o\000l\000l\000o}{chapter.1}% 22
\BOOKMARK [2][-]{subsection.1.3.1}{\376\377\000A\000r\000d\000u\000i\000n\000o\000\040\000U\000N\000O\000\040\000R\0003}{section.1.3}% 23
\BOOKMARK [2][-]{subsection.1.3.2}{\376\377\000I\000D\000E\000\040\000A\000r\000d\000u\000i\000n\000o}{section.1.3}% 24
\BOOKMARK [2][-]{subsection.1.3.3}{\376\377\000M\000i\000c\000r\000o\000p\000y\000t\000h\000o\000n}{section.1.3}% 25
\BOOKMARK [2][-]{subsection.1.3.4}{\376\377\000C\000N\000N}{section.1.3}% 26
\BOOKMARK [2][-]{subsection.1.3.5}{\376\377\000V\000i\000s\000i\000\363\000n\000\040\000A\000r\000t\000i\000f\000i\000c\000i\000a\000l}{section.1.3}% 27
\BOOKMARK [2][-]{subsection.1.3.6}{\376\377\000O\000p\000e\000n\000\040\000C\000V}{section.1.3}% 28
\BOOKMARK [3][-]{subsubsection.1.3.6.1}{\376\377\000N\000u\000m\000p\000y}{subsection.1.3.6}% 29
\BOOKMARK [2][-]{subsection.1.3.7}{\376\377\000X\000I\000A\000O\000\040\000E\000S\000P\0003\0002\000\040\000C\000A\000M}{section.1.3}% 30
\BOOKMARK [2][-]{subsection.1.3.8}{\376\377\000S\000e\000n\000s\000o\000r\000\040\000u\000l\000t\000r\000a\000s\000\363\000n\000i\000c\000o\000\040\000\050\000H\000C\000-\000S\000R\0000\0004\000\051}{section.1.3}% 31
\BOOKMARK [2][-]{subsection.1.3.9}{\376\377\000C\000a\000b\000l\000e\000s\000\040\000j\000u\000m\000p\000e\000r\000,\000\040\000r\000e\000s\000i\000s\000t\000e\000n\000c\000i\000a\000s\000,\000\040\000p\000r\000o\000t\000o\000b\000o\000a\000r\000d}{section.1.3}% 32
\BOOKMARK [2][-]{subsection.1.3.10}{\376\377\000S\000e\000r\000v\000o\000m\000o\000t\000o\000r\000\040\000\050\000S\000G\0009\0000\000\051}{section.1.3}% 33
\BOOKMARK [0][-]{chapter.2}{\376\377\000C\000a\000p\000\355\000t\000u\000l\000o\000\040\0003\000:\000\040\000P\000r\000o\000p\000u\000e\000s\000t\000a\000\040\000d\000e\000l\000\040\000P\000r\000o\000y\000e\000c\000t\000o}{}% 34
\BOOKMARK [1][-]{section.2.1}{\376\377\000M\000e\000t\000o\000d\000o\000-\000E\000x\000p\000e\000r\000i\000m\000e\000n\000t\000a\000c\000i\000\363\000n}{chapter.2}% 35
\BOOKMARK [2][-]{subsection.2.1.1}{\376\377\000T\000i\000p\000o\000\040\000y\000\040\000a\000l\000c\000a\000n\000c\000e\000\040\000d\000e\000\040\000l\000a\000\040\000i\000n\000v\000e\000s\000t\000i\000g\000a\000c\000i\000\363\000n}{section.2.1}% 36
\BOOKMARK [2][-]{subsection.2.1.2}{\376\377\000O\000b\000s\000e\000r\000v\000a\000c\000i\000\363\000n}{section.2.1}% 37
\BOOKMARK [2][-]{subsection.2.1.3}{\376\377\000P\000l\000a\000n\000t\000e\000a\000m\000i\000e\000n\000t\000o\000\040\000d\000e\000\040\000H\000i\000p\000\363\000t\000e\000s\000i\000s}{section.2.1}% 38
\BOOKMARK [2][-]{subsection.2.1.4}{\376\377\000E\000x\000p\000e\000r\000i\000m\000e\000n\000t\000a\000c\000i\000\363\000n}{section.2.1}% 39
\BOOKMARK [3][-]{subsubsection.2.1.4.1}{\376\377\000D\000e\000s\000a\000r\000r\000o\000l\000l\000o\000\040\000d\000e\000l\000\040\000P\000r\000o\000t\000o\000t\000i\000p\000o}{subsection.2.1.4}% 40
\BOOKMARK [3][-]{subsubsection.2.1.4.2}{\376\377\000I\000n\000t\000e\000g\000r\000a\000c\000i\000\363\000n\000\040\000E\000l\000e\000c\000t\000r\000\363\000n\000i\000c\000a\000:}{subsection.2.1.4}% 41
\BOOKMARK [3][-]{subsubsection.2.1.4.3}{\376\377\000P\000r\000o\000g\000r\000a\000m\000a\000c\000i\000\363\000n\000\040\000d\000e\000l\000\040\000S\000i\000s\000t\000e\000m\000a}{subsection.2.1.4}% 42
\BOOKMARK [3][-]{subsubsection.2.1.4.4}{\376\377\000I\000n\000t\000e\000r\000a\000c\000c\000i\000\363\000n\000\040\000d\000e\000l\000\040\000U\000s\000u\000a\000r\000i\000o}{subsection.2.1.4}% 43
\BOOKMARK [2][-]{subsection.2.1.5}{\376\377\000A\000n\000\341\000l\000i\000s\000i\000s\000\040\000d\000e\000\040\000D\000a\000t\000o\000s}{section.2.1}% 44
\BOOKMARK [2][-]{subsection.2.1.6}{\376\377\000A\000n\000\341\000l\000i\000s\000i\000s\000\040\000y\000\040\000c\000o\000n\000c\000l\000u\000s\000i\000o\000n\000e\000s}{section.2.1}% 45
\BOOKMARK [1][-]{section.2.2}{\376\377\000E\000s\000c\000e\000n\000a\000r\000i\000o\000\040\000D\000e\000\040\000A\000p\000l\000i\000c\000a\000c\000i\000\363\000n}{chapter.2}% 46
\BOOKMARK [1][-]{section.2.3}{\376\377\000C\000r\000o\000n\000o\000g\000r\000a\000m\000a\000\040\000d\000e\000\040\000A\000c\000t\000i\000v\000i\000d\000a\000d\000e\000s}{chapter.2}% 47
\BOOKMARK [1][-]{section.2.4}{\376\377\000P\000r\000e\000s\000u\000p\000u\000e\000s\000t\000o\000\040\000R\000e\000a\000l}{chapter.2}% 48
\BOOKMARK [1][-]{section.2.5}{\376\377\000D\000i\000s\000e\000\361\000o\000\040\000c\000o\000n\000c\000e\000p\000t\000u\000a\000l}{chapter.2}% 49
\BOOKMARK [2][-]{subsection.2.5.1}{\376\377\000D\000e\000s\000c\000r\000i\000p\000c\000i\000\363\000n\000\040\000d\000e\000l\000\040\000d\000i\000s\000e\000\361\000o\000\040\000c\000o\000n\000c\000e\000p\000t\000u\000a\000l\000\040\000p\000l\000a\000n\000t\000e\000a\000d\000o}{section.2.5}% 50
\BOOKMARK [0][-]{figure.2.1}{\376\377\000B\000i\000b\000l\000i\000o\000g\000r\000a\000f\000\355\000a}{}% 51
